<?xml version="1.0" encoding="UTF-8"?>
<!-- Generated by org.testng.reporters.JUnitReportReporter -->
<testsuite hostname="DESKTOP-8343GOC" failures="0" tests="1" name="com.tb.testcases.LoginTest" time="3.225" errors="0" timestamp="09 May 2019 11:59:04 GMT" skipped="0">
  <testcase classname="com.tb.testcases.LoginTest" name="loginAsBankManager" time="3.225"/>
</testsuite> <!-- com.tb.testcases.LoginTest -->
